Info: Nothing to build for EX4
Info: Nothing to build for EX4
Info: Nothing to build for EX1
Info: Nothing to build for EX2
01:19:22 **** Incremental Build of configuration Debug for project EX4 ****
Info: Internal Builder is used for build
gcc -ansi -std=c89 -O0 -g3 -Wall -c -fmessage-length=0 -o main.o "..\\main.c" 
gcc -ansi -std=c89 -o EX4.exe main.o 
c:/mingw/bin/../lib/gcc/mingw32/6.3.0/../../../../mingw32/bin/ld.exe: cannot open output file EX4.exe: Permission denied
collect2.exe: error: ld returned 1 exit status
Info: Nothing to build for LAB_1
Info: Nothing to build for LAB_2
Info: Nothing to build for LAB_3
01:19:25 **** Incremental Build of configuration Debug for project EX4 ****
Info: Internal Builder is used for build
gcc -ansi -std=c89 -o EX4.exe main.o 
c:/mingw/bin/../lib/gcc/mingw32/6.3.0/../../../../mingw32/bin/ld.exe: cannot open output file EX4.exe: Permission denied
collect2.exe: error: ld returned 1 exit status
Info: Nothing to build for EX1
Info: Nothing to build for EX2
01:19:44 **** Incremental Build of configuration Debug for project EX4 ****
Info: Internal Builder is used for build
gcc -ansi -std=c89 -O0 -g3 -Wall -c -fmessage-length=0 -o main.o "..\\main.c" 
gcc -ansi -std=c89 -o EX4.exe main.o 
c:/mingw/bin/../lib/gcc/mingw32/6.3.0/../../../../mingw32/bin/ld.exe: cannot open output file EX4.exe: Permission denied
collect2.exe: error: ld returned 1 exit status
Info: Nothing to build for LAB_1
Info: Nothing to build for LAB_2
Info: Nothing to build for LAB_3
01:19:52 **** Incremental Build of configuration Debug for project EX4 ****
Info: Internal Builder is used for build
gcc -ansi -std=c89 -o EX4.exe main.o 
c:/mingw/bin/../lib/gcc/mingw32/6.3.0/../../../../mingw32/bin/ld.exe: cannot open output file EX4.exe: Permission denied
collect2.exe: error: ld returned 1 exit status
01:22:02 **** Incremental Build of configuration Debug for project EX4 ****
Info: Internal Builder is used for build
gcc -ansi -std=c89 -o EX4.exe main.o 
Info: Nothing to build for EX1
Info: Nothing to build for EX2
01:22:50 **** Incremental Build of configuration Debug for project EX4 ****
Info: Internal Builder is used for build
gcc -ansi -std=c89 -O0 -g3 -Wall -c -fmessage-length=0 -o main.o "..\\main.c" 
gcc -ansi -std=c89 -o EX4.exe main.o 
c:/mingw/bin/../lib/gcc/mingw32/6.3.0/../../../../mingw32/bin/ld.exe: cannot open output file EX4.exe: Permission denied
collect2.exe: error: ld returned 1 exit status
Info: Nothing to build for LAB_1
Info: Nothing to build for LAB_2
Info: Nothing to build for LAB_3
01:22:53 **** Incremental Build of configuration Debug for project EX4 ****
Info: Internal Builder is used for build
gcc -ansi -std=c89 -o EX4.exe main.o 
c:/mingw/bin/../lib/gcc/mingw32/6.3.0/../../../../mingw32/bin/ld.exe: cannot open output file EX4.exe: Permission denied
collect2.exe: error: ld returned 1 exit status
01:23:32 **** Incremental Build of configuration Debug for project EX4 ****
Info: Internal Builder is used for build
gcc -ansi -std=c89 -o EX4.exe main.o 
